('funct', -1)
('main', -1)
('(', -1)
(')', -1)
('{', -1)
('init', -1)
('integer', -1)
('i1', 154)
(',', -1)
('i2', 155)
(',', -1)
('i3', 156)
(';', -1)
('i1', 154)
('=', -1)
(';', -1)
('i2', 155)
('=', -1)
('readInt', -1)
('(', -1)
(')', -1)
(';', -1)
('i3', 156)
('=', -1)
('readInt', -1)
('(', -1)
(')', -1)
(';', -1)
('test', -1)
('(', -1)
('i1', 154)
('i2', 155)
(')', -1)
('{', -1)
('test', -1)
('(', -1)
('i1', 154)
('>', -1)
('i3', 156)
(')', -1)
('print', -1)
('(', -1)
('i1', 154)
(')', -1)
(';', -1)
('else', -1)
('print', -1)
('(', -1)
('i3', 156)
(')', -1)
(';', -1)
('}', -1)
('else', -1)
('test', -1)
('(', -1)
('i2', 155)
('>', -1)
('i3', 156)
(')', -1)
('print', -1)
('(', -1)
('i2', 155)
(')', -1)
(';', -1)
('else', -1)
('print', -1)
('(', -1)
('i3', 156)
(')', -1)
(';', -1)
('}', -1)
